INFO:root:Updating the signup sheeets...
INFO:root:Updating the signup sheeets...
INFO:root:Updating media...
INFO:root:Done Updating media
INFO:root:Updating tech...
INFO:root:Done Updating tech
INFO:root:Updating connect...
INFO:root:Done Updating connect
INFO:root:Updating emcee...
INFO:root:Done Updating emcee
INFO:root:Updating outreach...
INFO:root:Done Updating outreach
INFO:root:Updating acgl...
INFO:root:Done Updating acgl
INFO:root:Updating worship...
INFO:root:Done Updating worship
INFO:root:Updating Other...
INFO:root:Done Updating Other
INFO:root:Done updating signup sheets
24/01/2022 12:25:40 AM INFO - Updating the signup sheeets...
24/01/2022 12:25:42 AM INFO - Updating media...
24/01/2022 12:25:44 AM INFO - Done Updating media
24/01/2022 12:25:44 AM INFO - Updating tech...
24/01/2022 12:25:45 AM INFO - Done Updating tech
24/01/2022 12:25:45 AM INFO - Updating connect...
24/01/2022 12:25:46 AM INFO - Done Updating connect
24/01/2022 12:25:46 AM INFO - Updating emcee...
24/01/2022 12:25:48 AM INFO - Done Updating emcee
24/01/2022 12:25:48 AM INFO - Updating outreach...
24/01/2022 12:25:49 AM INFO - Done Updating outreach
24/01/2022 12:25:49 AM INFO - Updating acgl...
24/01/2022 12:25:51 AM INFO - Done Updating acgl
24/01/2022 12:25:51 AM INFO - Updating worship...
24/01/2022 12:25:52 AM INFO - Done Updating worship
24/01/2022 12:25:52 AM INFO - Updating Other...
24/01/2022 12:25:53 AM INFO - Done Updating Other
24/01/2022 12:25:53 AM INFO - Done updating signup sheets, time taken = 12.68087220000234
24/01/2022 01:25:53 AM INFO - Updating the signup sheeets...
24/01/2022 01:25:56 AM INFO - Updating media...
24/01/2022 01:25:58 AM INFO - Done Updating media
24/01/2022 01:25:58 AM INFO - Updating tech...
24/01/2022 01:25:59 AM INFO - Done Updating tech
24/01/2022 01:25:59 AM INFO - Updating connect...
24/01/2022 01:26:00 AM INFO - Done Updating connect
24/01/2022 01:26:00 AM INFO - Updating emcee...
24/01/2022 01:26:02 AM INFO - Done Updating emcee
24/01/2022 01:26:02 AM INFO - Updating outreach...
24/01/2022 01:26:03 AM INFO - Done Updating outreach
24/01/2022 01:26:03 AM INFO - Updating acgl...
24/01/2022 01:26:04 AM INFO - Done Updating acgl
24/01/2022 01:26:04 AM INFO - Updating worship...
24/01/2022 01:26:05 AM INFO - Done Updating worship
24/01/2022 01:26:05 AM INFO - Updating Other...
24/01/2022 01:26:06 AM INFO - Done Updating Other
24/01/2022 01:26:06 AM INFO - Done updating signup sheets, time taken = 13.259971000003134
24/01/2022 02:26:06 AM INFO - Updating the signup sheeets...
24/01/2022 02:26:10 AM INFO - Updating media...
24/01/2022 02:26:11 AM INFO - Done Updating media
24/01/2022 02:26:11 AM INFO - Updating tech...
24/01/2022 02:26:13 AM INFO - Done Updating tech
24/01/2022 02:26:13 AM INFO - Updating connect...
24/01/2022 02:26:15 AM INFO - Done Updating connect
24/01/2022 02:26:15 AM INFO - Updating emcee...
24/01/2022 02:26:16 AM INFO - Done Updating emcee
24/01/2022 02:26:16 AM INFO - Updating outreach...
24/01/2022 02:26:18 AM INFO - Done Updating outreach
24/01/2022 02:26:18 AM INFO - Updating acgl...
24/01/2022 02:26:19 AM INFO - Done Updating acgl
24/01/2022 02:26:19 AM INFO - Updating worship...
24/01/2022 02:26:20 AM INFO - Done Updating worship
24/01/2022 02:26:20 AM INFO - Updating Other...
24/01/2022 02:26:21 AM INFO - Done Updating Other
24/01/2022 02:26:21 AM INFO - Done updating signup sheets, time taken = 15.033734399999958
